
/home/runner/work/exp-orifices-iiith/exp-orifices-iiith/experiment/simulation/js/main.js
   5:5   warning  'arrayRemove' is assigned a value but never used     no-unused-vars
  15:7   warning  'flags' is assigned a value but never used           no-unused-vars
  16:10  warning  Unexpected constant condition                        no-constant-condition
  17:5   warning  'animation_speed' is not defined                     no-undef
  18:5   warning  'animation_speed' is not defined                     no-undef
  18:23  warning  'animation_speed' is not defined                     no-undef
  19:5   warning  'animation_speed' is not defined                     no-undef
  19:23  warning  'animation_speed' is not defined                     no-undef
  19:55  warning  'animation_speed' is not defined                     no-undef
  21:20  warning  'animation_speed' is not defined                     no-undef
  30:5   warning  'id' is not defined                                  no-undef
  31:40  warning  'id' is not defined                                  no-undef
  34:12  warning  Unexpected constant condition                        no-constant-condition
  35:7   warning  'animation_speed' is not defined                     no-undef
  36:7   warning  'animation_speed' is not defined                     no-undef
  36:25  warning  'animation_speed' is not defined                     no-undef
  37:7   warning  'animation_speed' is not defined                     no-undef
  37:25  warning  'animation_speed' is not defined                     no-undef
  37:57  warning  'animation_speed' is not defined                     no-undef
  38:11  warning  'id' is not defined                                  no-undef
  57:22  warning  'animation_speed' is not defined                     no-undef
  65:3   warning  'tube_ids' is not defined                            no-undef
  66:3   warning  'tube_ids' is not defined                            no-undef
  76:5   warning  'startAnimation' is assigned a value but never used  no-unused-vars

✖ 24 problems (0 errors, 24 warnings)

